{"timestamp":"2026-03-23T14:02:05.132608Z","level":"info","event":"DAG bundles loaded: dags-folder, example_dags","logger":"airflow.dag_processing.bundles.manager.DagBundlesManager","filename":"manager.py","lineno":179}
{"timestamp":"2026-03-23T14:02:05.134131Z","level":"info","event":"Filling up the DagBag from /opt/airflow/dags/weather_dag.py","logger":"airflow.models.dagbag.BundleDagBag","filename":"dagbag.py","lineno":593}
{"timestamp":"2026-03-23T14:02:05.185986Z","level":"warning","event":"The `airflow.decorators.dag` attribute is deprecated. Please use `'airflow.sdk.dag'`.","category":"DeprecatedImportWarning","filename":"/opt/airflow/dags/weather_dag.py","lineno":2,"logger":"py.warnings"}
{"timestamp":"2026-03-23T14:02:05.186232Z","level":"warning","event":"The `airflow.decorators.task` attribute is deprecated. Please use `'airflow.sdk.task'`.","category":"DeprecatedImportWarning","filename":"/opt/airflow/dags/weather_dag.py","lineno":2,"logger":"py.warnings"}
{"timestamp":"2026-03-23T14:02:05.257090Z","level":"info","event":"Task instance is in running state","logger":"task.stdout"}
{"timestamp":"2026-03-23T14:02:05.257346Z","level":"info","event":" Previous state of the Task instance: TaskInstanceState.QUEUED","logger":"task.stdout"}
{"timestamp":"2026-03-23T14:02:05.257687Z","level":"info","event":"Current task name:transform","logger":"task.stdout"}
{"timestamp":"2026-03-23T14:02:05.257843Z","level":"info","event":"Dag name:youtube_weather_pipeline","logger":"task.stdout"}
{"timestamp":"2026-03-23T14:02:05.260885Z","level":"info","event":"","logger":"task.stdout"}
{"timestamp":"2026-03-23T14:02:05.261485Z","level":"info","event":" iniciando transformações","logger":"task.stdout"}
{"timestamp":"2026-03-23T14:02:05.261320Z","level":"info","event":"-> Criando DtaFrame do arquivo JSON...","logger":"root","filename":"transform_data.py","lineno":42}
{"timestamp":"2026-03-23T14:02:05.264907Z","level":"info","event":"\nDataFrame criado com 1 linha(s)","logger":"root","filename":"transform_data.py","lineno":52}
{"timestamp":"2026-03-23T14:02:05.271808Z","level":"info","event":"\n✓ Coluna 'weather' normalizada = 30 colunas","logger":"root","filename":"transform_data.py","lineno":66}
{"timestamp":"2026-03-23T14:02:05.272132Z","level":"info","event":"\n> Removendo colunas: ['weather', 'weather_icon', 'sys.type']","logger":"root","filename":"transform_data.py","lineno":70}
{"timestamp":"2026-03-23T14:02:05.274830Z","level":"info","event":"✓ Colunas removidas - 27 colunas restantes","logger":"root","filename":"transform_data.py","lineno":72}
{"timestamp":"2026-03-23T14:02:05.275074Z","level":"info","event":"\n> Renomeando 26 colunas...","logger":"root","filename":"transform_data.py","lineno":76}
{"timestamp":"2026-03-23T14:02:05.276012Z","level":"info","event":"✓ Colunas renomeadas","logger":"root","filename":"transform_data.py","lineno":78}
{"timestamp":"2026-03-23T14:02:05.276386Z","level":"info","event":"\n> Convertendo colunas para datetime: ['datetime', 'sunrise', 'sunset']","logger":"root","filename":"transform_data.py","lineno":82}
{"timestamp":"2026-03-23T14:02:05.282645Z","level":"info","event":"✓ Colunas convertidas para datetime\n","logger":"root","filename":"transform_data.py","lineno":85}
{"timestamp":"2026-03-23T14:02:05.282890Z","level":"info","event":"✓ Transformações concluídas\n","logger":"root","filename":"transform_data.py","lineno":95}
{"timestamp":"2026-03-23T14:02:05.323732Z","level":"info","event":"Done. Returned value was: None","logger":"airflow.task.operators.airflow.providers.standard.decorators.python._PythonDecoratedOperator","filename":"python.py","lineno":230}
{"timestamp":"2026-03-23T14:02:05.363239Z","level":"info","event":"Task instance in success state","logger":"task.stdout"}
{"timestamp":"2026-03-23T14:02:05.363434Z","level":"info","event":" Previous state of the Task instance: TaskInstanceState.RUNNING","logger":"task.stdout"}
{"timestamp":"2026-03-23T14:02:05.363888Z","level":"info","event":"Task operator:<Task(_PythonDecoratedOperator): transform>","logger":"task.stdout"}
