{"timestamp":"2026-03-23T13:49:48.605214Z","level":"info","event":"DAG bundles loaded: dags-folder, example_dags","logger":"airflow.dag_processing.bundles.manager.DagBundlesManager","filename":"manager.py","lineno":179}
{"timestamp":"2026-03-23T13:49:48.606371Z","level":"info","event":"Filling up the DagBag from /opt/airflow/dags/weather_dag.py","logger":"airflow.models.dagbag.BundleDagBag","filename":"dagbag.py","lineno":593}
{"timestamp":"2026-03-23T13:49:48.646569Z","level":"warning","event":"The `airflow.decorators.dag` attribute is deprecated. Please use `'airflow.sdk.dag'`.","category":"DeprecatedImportWarning","filename":"/opt/airflow/dags/weather_dag.py","lineno":2,"logger":"py.warnings"}
{"timestamp":"2026-03-23T13:49:48.646786Z","level":"warning","event":"The `airflow.decorators.task` attribute is deprecated. Please use `'airflow.sdk.task'`.","category":"DeprecatedImportWarning","filename":"/opt/airflow/dags/weather_dag.py","lineno":2,"logger":"py.warnings"}
{"timestamp":"2026-03-23T13:49:48.675471Z","level":"info","event":"Task instance is in running state","logger":"task.stdout"}
{"timestamp":"2026-03-23T13:49:48.675717Z","level":"info","event":" Previous state of the Task instance: TaskInstanceState.QUEUED","logger":"task.stdout"}
{"timestamp":"2026-03-23T13:49:48.676009Z","level":"info","event":"Current task name:transform","logger":"task.stdout"}
{"timestamp":"2026-03-23T13:49:48.676182Z","level":"info","event":"Dag name:youtube_weather_pipeline","logger":"task.stdout"}
{"timestamp":"2026-03-23T13:49:48.677978Z","level":"info","event":"","logger":"task.stdout"}
{"timestamp":"2026-03-23T13:49:48.678137Z","level":"info","event":" iniciando transformações","logger":"task.stdout"}
{"timestamp":"2026-03-23T13:49:48.678083Z","level":"info","event":"-> Criando DtaFrame do arquivo JSON...","logger":"root","filename":"transform_data.py","lineno":42}
{"timestamp":"2026-03-23T13:49:48.683377Z","level":"info","event":"\nDataFrame criado com 1 linha(s)","logger":"root","filename":"transform_data.py","lineno":52}
{"timestamp":"2026-03-23T13:49:48.690665Z","level":"info","event":"\n✓ Coluna 'weather' normalizada = 30 colunas","logger":"root","filename":"transform_data.py","lineno":66}
{"timestamp":"2026-03-23T13:49:48.690910Z","level":"info","event":"\n> Removendo colunas: ['weather', 'weather_icon', 'sys.type']","logger":"root","filename":"transform_data.py","lineno":70}
{"timestamp":"2026-03-23T13:49:48.695521Z","level":"info","event":"✓ Colunas removidas - 27 colunas restantes","logger":"root","filename":"transform_data.py","lineno":72}
{"timestamp":"2026-03-23T13:49:48.695749Z","level":"info","event":"\n> Renomeando 26 colunas...","logger":"root","filename":"transform_data.py","lineno":76}
{"timestamp":"2026-03-23T13:49:48.696530Z","level":"info","event":"✓ Colunas renomeadas","logger":"root","filename":"transform_data.py","lineno":78}
{"timestamp":"2026-03-23T13:49:48.696712Z","level":"info","event":"\n> Convertendo colunas para datetime: ['datetime', 'sunrise', 'sunset']","logger":"root","filename":"transform_data.py","lineno":82}
{"timestamp":"2026-03-23T13:49:48.704379Z","level":"info","event":"✓ Colunas convertidas para datetime\n","logger":"root","filename":"transform_data.py","lineno":85}
{"timestamp":"2026-03-23T13:49:48.704596Z","level":"info","event":"✓ Transformações concluídas\n","logger":"root","filename":"transform_data.py","lineno":95}
{"timestamp":"2026-03-23T13:49:48.800184Z","level":"info","event":"Done. Returned value was: None","logger":"airflow.task.operators.airflow.providers.standard.decorators.python._PythonDecoratedOperator","filename":"python.py","lineno":230}
{"timestamp":"2026-03-23T13:49:48.826677Z","level":"info","event":"Task instance in success state","logger":"task.stdout"}
{"timestamp":"2026-03-23T13:49:48.826856Z","level":"info","event":" Previous state of the Task instance: TaskInstanceState.RUNNING","logger":"task.stdout"}
{"timestamp":"2026-03-23T13:49:48.826935Z","level":"info","event":"Task operator:<Task(_PythonDecoratedOperator): transform>","logger":"task.stdout"}
