{"timestamp":"2026-03-23T14:11:36.535063Z","level":"info","event":"DAG bundles loaded: dags-folder, example_dags","logger":"airflow.dag_processing.bundles.manager.DagBundlesManager","filename":"manager.py","lineno":179}
{"timestamp":"2026-03-23T14:11:36.535824Z","level":"info","event":"Filling up the DagBag from /opt/airflow/dags/weather_dag.py","logger":"airflow.models.dagbag.BundleDagBag","filename":"dagbag.py","lineno":593}
{"timestamp":"2026-03-23T14:11:36.560554Z","level":"warning","event":"The `airflow.decorators.dag` attribute is deprecated. Please use `'airflow.sdk.dag'`.","category":"DeprecatedImportWarning","filename":"/opt/airflow/dags/weather_dag.py","lineno":2,"logger":"py.warnings"}
{"timestamp":"2026-03-23T14:11:36.560742Z","level":"warning","event":"The `airflow.decorators.task` attribute is deprecated. Please use `'airflow.sdk.task'`.","category":"DeprecatedImportWarning","filename":"/opt/airflow/dags/weather_dag.py","lineno":2,"logger":"py.warnings"}
{"timestamp":"2026-03-23T14:11:36.579013Z","level":"info","event":"Task instance is in running state","logger":"task.stdout"}
{"timestamp":"2026-03-23T14:11:36.579169Z","level":"info","event":" Previous state of the Task instance: TaskInstanceState.QUEUED","logger":"task.stdout"}
{"timestamp":"2026-03-23T14:11:36.579291Z","level":"info","event":"Current task name:transform","logger":"task.stdout"}
{"timestamp":"2026-03-23T14:11:36.579357Z","level":"info","event":"Dag name:youtube_weather_pipeline","logger":"task.stdout"}
{"timestamp":"2026-03-23T14:11:36.580824Z","level":"info","event":"","logger":"task.stdout"}
{"timestamp":"2026-03-23T14:11:36.581033Z","level":"info","event":" iniciando transformações","logger":"task.stdout"}
{"timestamp":"2026-03-23T14:11:36.580975Z","level":"info","event":"-> Criando DtaFrame do arquivo JSON...","logger":"root","filename":"transform_data.py","lineno":42}
{"timestamp":"2026-03-23T14:11:36.583372Z","level":"info","event":"\nDataFrame criado com 1 linha(s)","logger":"root","filename":"transform_data.py","lineno":52}
{"timestamp":"2026-03-23T14:11:36.587620Z","level":"info","event":"\n✓ Coluna 'weather' normalizada = 30 colunas","logger":"root","filename":"transform_data.py","lineno":66}
{"timestamp":"2026-03-23T14:11:36.587849Z","level":"info","event":"\n> Removendo colunas: ['weather', 'weather_icon', 'sys.type']","logger":"root","filename":"transform_data.py","lineno":70}
{"timestamp":"2026-03-23T14:11:36.589601Z","level":"info","event":"✓ Colunas removidas - 27 colunas restantes","logger":"root","filename":"transform_data.py","lineno":72}
{"timestamp":"2026-03-23T14:11:36.589862Z","level":"info","event":"\n> Renomeando 26 colunas...","logger":"root","filename":"transform_data.py","lineno":76}
{"timestamp":"2026-03-23T14:11:36.590596Z","level":"info","event":"✓ Colunas renomeadas","logger":"root","filename":"transform_data.py","lineno":78}
{"timestamp":"2026-03-23T14:11:36.590776Z","level":"info","event":"\n> Convertendo colunas para datetime: ['datetime', 'sunrise', 'sunset']","logger":"root","filename":"transform_data.py","lineno":82}
{"timestamp":"2026-03-23T14:11:36.595488Z","level":"info","event":"✓ Colunas convertidas para datetime\n","logger":"root","filename":"transform_data.py","lineno":85}
{"timestamp":"2026-03-23T14:11:36.595737Z","level":"info","event":"✓ Transformações concluídas\n","logger":"root","filename":"transform_data.py","lineno":95}
{"timestamp":"2026-03-23T14:11:36.629801Z","level":"info","event":"Done. Returned value was: None","logger":"airflow.task.operators.airflow.providers.standard.decorators.python._PythonDecoratedOperator","filename":"python.py","lineno":230}
{"timestamp":"2026-03-23T14:11:36.654006Z","level":"info","event":"Task instance in success state","logger":"task.stdout"}
{"timestamp":"2026-03-23T14:11:36.654259Z","level":"info","event":" Previous state of the Task instance: TaskInstanceState.RUNNING","logger":"task.stdout"}
{"timestamp":"2026-03-23T14:11:36.654474Z","level":"info","event":"Task operator:<Task(_PythonDecoratedOperator): transform>","logger":"task.stdout"}
